Mon Jun 11 2018 23:53:15 GMT+0300 (FLE Daylight Time): GET: ::1: /node_modules/bootstrap/dist/js/bootstrap.min.jsMon Jun 11 2018 23:56:46 GMT+0300 (FLE Daylight Time): GET: ::1: /Mon Jun 11 2018 23:56:46 GMT+0300 (FLE Daylight Time): GET: ::1: /node_modules/jquery/dist/jquery.min.jsMon Jun 11 2018 23:56:46 GMT+0300 (FLE Daylight Time): GET: ::1: /node_modules/tether/dist/js/tether.min.jsMon Jun 11 2018 23:56:46 GMT+0300 (FLE Daylight Time): GET: ::1: /node_modules/bootstrap/dist/js/bootstrap.min.jsMon Jun 11 2018 23:56:56 GMT+0300 (FLE Daylight Time): GET: ::1: /Mon Jun 11 2018 23:56:56 GMT+0300 (FLE Daylight Time): GET: ::1: /node_modules/jquery/dist/jquery.min.jsMon Jun 11 2018 23:56:57 GMT+0300 (FLE Daylight Time): GET: ::1: /node_modules/tether/dist/js/tether.min.jsMon Jun 11 2018 23:56:57 GMT+0300 (FLE Daylight Time): GET: ::1: /node_modules/bootstrap/dist/js/bootstrap.min.jsMon Jun 11 2018 23:56:59 GMT+0300 (FLE Daylight Time): GET: ::1: /Mon Jun 11 2018 23:57:00 GMT+0300 (FLE Daylight Time): GET: ::1: /node_modules/jquery/dist/jquery.min.jsMon Jun 11 2018 23:57:00 GMT+0300 (FLE Daylight Time): GET: ::1: /node_modules/tether/dist/js/tether.min.jsMon Jun 11 2018 23:57:00 GMT+0300 (FLE Daylight Time): GET: ::1: /node_modules/bootstrap/dist/js/bootstrap.min.jsMon Jun 11 2018 23:58:26 GMT+0300 (FLE Daylight Time): GET: ::ffff:127.0.0.1: /
Mon Jun 11 2018 23:58:26 GMT+0300 (FLE Daylight Time): GET: ::ffff:127.0.0.1: /node_modules/jquery/dist/jquery.min.js
Mon Jun 11 2018 23:58:26 GMT+0300 (FLE Daylight Time): GET: ::ffff:127.0.0.1: /node_modules/tether/dist/js/tether.min.js
Mon Jun 11 2018 23:58:27 GMT+0300 (FLE Daylight Time): GET: ::ffff:127.0.0.1: /node_modules/bootstrap/dist/js/bootstrap.min.js
Mon Jun 11 2018 23:58:27 GMT+0300 (FLE Daylight Time): GET: ::ffff:127.0.0.1: /
Mon Jun 11 2018 23:58:27 GMT+0300 (FLE Daylight Time): GET: ::ffff:127.0.0.1: /node_modules/jquery/dist/jquery.min.js
Mon Jun 11 2018 23:58:27 GMT+0300 (FLE Daylight Time): GET: ::ffff:127.0.0.1: /node_modules/tether/dist/js/tether.min.js
Mon Jun 11 2018 23:58:27 GMT+0300 (FLE Daylight Time): GET: ::ffff:127.0.0.1: /node_modules/bootstrap/dist/js/bootstrap.min.js
Mon Jun 11 2018 23:58:28 GMT+0300 (FLE Daylight Time): GET: ::ffff:127.0.0.1: /
Mon Jun 11 2018 23:58:29 GMT+0300 (FLE Daylight Time): GET: ::ffff:127.0.0.1: /node_modules/jquery/dist/jquery.min.js
Mon Jun 11 2018 23:58:29 GMT+0300 (FLE Daylight Time): GET: ::ffff:127.0.0.1: /node_modules/tether/dist/js/tether.min.js
Mon Jun 11 2018 23:58:30 GMT+0300 (FLE Daylight Time): GET: ::ffff:127.0.0.1: /node_modules/bootstrap/dist/js/bootstrap.min.js
Tue Jun 12 2018 00:55:12 GMT+0300 (FLE Daylight Time): GET: ::1: /
Tue Jun 12 2018 00:55:12 GMT+0300 (FLE Daylight Time): GET: ::1: /node_modules/jquery/dist/jquery.min.js
Tue Jun 12 2018 00:55:12 GMT+0300 (FLE Daylight Time): GET: ::1: /node_modules/tether/dist/js/tether.min.js
Tue Jun 12 2018 00:55:13 GMT+0300 (FLE Daylight Time): GET: ::1: /node_modules/bootstrap/dist/js/bootstrap.min.js
Tue Jun 12 2018 23:45:52 GMT+0300 (FLE Daylight Time): GET: ::1: /
Tue Jun 12 2018 23:45:52 GMT+0300 (FLE Daylight Time): GET: ::1: /node_modules/jquery/dist/jquery.min.js
Tue Jun 12 2018 23:45:53 GMT+0300 (FLE Daylight Time): GET: ::1: /node_modules/tether/dist/js/tether.min.js
Tue Jun 12 2018 23:45:53 GMT+0300 (FLE Daylight Time): GET: ::1: /node_modules/bootstrap/dist/js/bootstrap.min.js
Tue Jun 12 2018 23:45:55 GMT+0300 (FLE Daylight Time): GET: ::1: /favicon.ico
Tue Jun 12 2018 23:56:48 GMT+0300 (FLE Daylight Time): GET: ::1: /
Tue Jun 12 2018 23:56:48 GMT+0300 (FLE Daylight Time): GET: ::1: /node_modules/jquery/dist/jquery.min.js
Tue Jun 12 2018 23:56:48 GMT+0300 (FLE Daylight Time): GET: ::1: /node_modules/tether/dist/js/tether.min.js
Tue Jun 12 2018 23:56:48 GMT+0300 (FLE Daylight Time): GET: ::1: /node_modules/bootstrap/dist/js/bootstrap.min.js
Tue Jun 12 2018 23:57:39 GMT+0300 (FLE Daylight Time): GET: ::1: /
Tue Jun 12 2018 23:57:39 GMT+0300 (FLE Daylight Time): GET: ::1: /node_modules/jquery/dist/jquery.min.js
Tue Jun 12 2018 23:57:39 GMT+0300 (FLE Daylight Time): GET: ::1: /node_modules/tether/dist/js/tether.min.js
Tue Jun 12 2018 23:57:39 GMT+0300 (FLE Daylight Time): GET: ::1: /node_modules/bootstrap/dist/js/bootstrap.min.js
Tue Jun 12 2018 23:57:53 GMT+0300 (FLE Daylight Time): GET: ::1: /
Tue Jun 12 2018 23:57:53 GMT+0300 (FLE Daylight Time): GET: ::1: /node_modules/jquery/dist/jquery.min.js
Tue Jun 12 2018 23:57:53 GMT+0300 (FLE Daylight Time): GET: ::1: /node_modules/tether/dist/js/tether.min.js
Tue Jun 12 2018 23:57:53 GMT+0300 (FLE Daylight Time): GET: ::1: /node_modules/bootstrap/dist/js/bootstrap.min.js
Wed Jun 13 2018 00:01:19 GMT+0300 (FLE Daylight Time): GET: ::1: /
Wed Jun 13 2018 00:01:19 GMT+0300 (FLE Daylight Time): GET: ::1: /node_modules/jquery/dist/jquery.min.js
Wed Jun 13 2018 00:01:19 GMT+0300 (FLE Daylight Time): GET: ::1: /node_modules/tether/dist/js/tether.min.js
Wed Jun 13 2018 00:01:19 GMT+0300 (FLE Daylight Time): GET: ::1: /node_modules/bootstrap/dist/js/bootstrap.min.js
Wed Jun 13 2018 00:02:59 GMT+0300 (FLE Daylight Time): GET: ::1: /
Wed Jun 13 2018 00:02:59 GMT+0300 (FLE Daylight Time): GET: ::1: /node_modules/jquery/dist/jquery.min.js
Wed Jun 13 2018 00:02:59 GMT+0300 (FLE Daylight Time): GET: ::1: /node_modules/tether/dist/js/tether.min.js
Wed Jun 13 2018 00:02:59 GMT+0300 (FLE Daylight Time): GET: ::1: /node_modules/bootstrap/dist/js/bootstrap.min.js
Wed Jun 13 2018 01:31:24 GMT+0300 (FLE Daylight Time): GET: ::1: /about
Wed Jun 13 2018 01:31:24 GMT+0300 (FLE Daylight Time): GET: ::1: /node_modules/jquery/dist/jquery.min.js
Wed Jun 13 2018 01:31:24 GMT+0300 (FLE Daylight Time): GET: ::1: /node_modules/tether/dist/js/tether.min.js
Wed Jun 13 2018 01:31:24 GMT+0300 (FLE Daylight Time): GET: ::1: /node_modules/bootstrap/dist/js/bootstrap.min.js
Wed Jun 13 2018 12:48:09 GMT+0300 (FLE Daylight Time): GET: ::1: /about
Wed Jun 13 2018 12:48:10 GMT+0300 (FLE Daylight Time): GET: ::1: /node_modules/jquery/dist/jquery.min.js
Wed Jun 13 2018 12:48:10 GMT+0300 (FLE Daylight Time): GET: ::1: /node_modules/tether/dist/js/tether.min.js
Wed Jun 13 2018 12:48:11 GMT+0300 (FLE Daylight Time): GET: ::1: /node_modules/bootstrap/dist/js/bootstrap.min.js
Wed Jun 13 2018 12:53:14 GMT+0300 (FLE Daylight Time): GET: ::1: /about
Wed Jun 13 2018 12:53:14 GMT+0300 (FLE Daylight Time): GET: ::1: /node_modules/jquery/dist/jquery.min.js
Wed Jun 13 2018 12:53:14 GMT+0300 (FLE Daylight Time): GET: ::1: /node_modules/tether/dist/js/tether.min.js
Wed Jun 13 2018 12:53:14 GMT+0300 (FLE Daylight Time): GET: ::1: /node_modules/bootstrap/dist/js/bootstrap.min.js
Wed Jun 13 2018 12:53:48 GMT+0300 (FLE Daylight Time): GET: ::1: /node_modules/bootstrap/dist/css/bootstrap.min.css
Wed Jun 13 2018 12:53:49 GMT+0300 (FLE Daylight Time): GET: ::1: /node_modules/bootstrap/node_modules/jquery/dist/jquery.min.js
Wed Jun 13 2018 12:53:49 GMT+0300 (FLE Daylight Time): GET: ::1: /node_modules/bootstrap/node_modules/tether/dist/js/tether.min.js
Wed Jun 13 2018 12:53:49 GMT+0300 (FLE Daylight Time): GET: ::1: /node_modules/bootstrap/node_modules/bootstrap/dist/js/bootstrap.min.js
Wed Jun 13 2018 12:54:00 GMT+0300 (FLE Daylight Time): GET: ::1: /node_modules/jquery/dist/jquery.min.js
Wed Jun 13 2018 12:54:01 GMT+0300 (FLE Daylight Time): GET: ::1: /node_modules/node_modules/jquery/dist/jquery.min.js
Wed Jun 13 2018 12:54:01 GMT+0300 (FLE Daylight Time): GET: ::1: /node_modules/node_modules/tether/dist/js/tether.min.js
Wed Jun 13 2018 12:54:01 GMT+0300 (FLE Daylight Time): GET: ::1: /node_modules/node_modules/bootstrap/dist/js/bootstrap.min.js
Wed Jun 13 2018 12:56:11 GMT+0300 (FLE Daylight Time): GET: ::1: /
Wed Jun 13 2018 12:56:11 GMT+0300 (FLE Daylight Time): GET: ::1: /node_modules/jquery/dist/jquery.min.js
Wed Jun 13 2018 12:56:11 GMT+0300 (FLE Daylight Time): GET: ::1: /node_modules/tether/dist/js/tether.min.js
Wed Jun 13 2018 12:56:11 GMT+0300 (FLE Daylight Time): GET: ::1: /node_modules/bootstrap/dist/js/bootstrap.min.js
Wed Jun 13 2018 12:56:59 GMT+0300 (FLE Daylight Time): GET: ::1: /about
Wed Jun 13 2018 12:56:59 GMT+0300 (FLE Daylight Time): GET: ::1: /node_modules/jquery/dist/jquery.min.js
Wed Jun 13 2018 12:56:59 GMT+0300 (FLE Daylight Time): GET: ::1: /node_modules/tether/dist/js/tether.min.js
Wed Jun 13 2018 12:56:59 GMT+0300 (FLE Daylight Time): GET: ::1: /node_modules/bootstrap/dist/js/bootstrap.min.js
Wed Jun 13 2018 12:57:08 GMT+0300 (FLE Daylight Time): GET: ::1: /node_modules/bootstrap/dist/css/bootstrap.min.css
Wed Jun 13 2018 12:57:33 GMT+0300 (FLE Daylight Time): GET: ::1: /node_modules/jquery/dist/jquery.min.js
Wed Jun 13 2018 12:58:10 GMT+0300 (FLE Daylight Time): GET: ::1: /about
Wed Jun 13 2018 12:58:10 GMT+0300 (FLE Daylight Time): GET: ::1: /node_modules/jquery/dist/jquery.min.js
Wed Jun 13 2018 12:58:11 GMT+0300 (FLE Daylight Time): GET: ::1: /node_modules/tether/dist/js/tether.min.js
Wed Jun 13 2018 12:58:11 GMT+0300 (FLE Daylight Time): GET: ::1: /node_modules/bootstrap/dist/js/bootstrap.min.js
Wed Jun 13 2018 12:58:40 GMT+0300 (FLE Daylight Time): GET: ::1: /about
Wed Jun 13 2018 12:58:40 GMT+0300 (FLE Daylight Time): GET: ::1: /node_modules/jquery/dist/jquery.min.js
Wed Jun 13 2018 12:58:40 GMT+0300 (FLE Daylight Time): GET: ::1: /node_modules/tether/dist/js/tether.min.js
Wed Jun 13 2018 12:58:40 GMT+0300 (FLE Daylight Time): GET: ::1: /node_modules/bootstrap/dist/js/bootstrap.min.js
Wed Jun 13 2018 12:58:48 GMT+0300 (FLE Daylight Time): GET: ::1: /node_modules/bootstrap/dist/css/bootstrap.min.css
Wed Jun 13 2018 12:58:57 GMT+0300 (FLE Daylight Time): GET: ::1: /node_modules/tether/dist/js/tether.min.js
Wed Jun 13 2018 13:01:45 GMT+0300 (FLE Daylight Time): GET: ::1: /about
Wed Jun 13 2018 13:01:45 GMT+0300 (FLE Daylight Time): GET: ::1: /node_modules/jquery/dist/jquery.min.js
Wed Jun 13 2018 13:01:45 GMT+0300 (FLE Daylight Time): GET: ::1: /node_modules/tether/dist/js/tether.min.js
Wed Jun 13 2018 13:01:45 GMT+0300 (FLE Daylight Time): GET: ::1: /node_modules/bootstrap/dist/js/bootstrap.min.js
Wed Jun 13 2018 13:01:56 GMT+0300 (FLE Daylight Time): GET: ::1: /node_modules/bootstrap/dist/css/bootstrap.min.css
Wed Jun 13 2018 13:03:03 GMT+0300 (FLE Daylight Time): GET: ::1: /node_modules/bootstrap/dist/css/bootstrap.min.css
Wed Jun 13 2018 23:00:09 GMT+0300 (FLE Daylight Time): GET: ::1: /
Wed Jun 13 2018 23:00:15 GMT+0300 (FLE Daylight Time): GET: ::1: /favicon.ico
